node:internal/modules/cjs/loader:1479
  throw err;
  ^

Error: Cannot find module './app.module'
Require stack:
- C:\Users\User\Desktop\99\SUGARMIMO\sugarmimo-backend\dist\src\main.js
    at Module._resolveFilename (node:internal/modules/cjs/loader:1476:15)
    at wrapResolveFilename (node:internal/modules/cjs/loader:1049:27)
    at defaultResolveImplForCJSLoading (node:internal/modules/cjs/loader:1073:10)
    at resolveForCJSWithHooks (node:internal/modules/cjs/loader:1094:12)
    at Module._load (node:internal/modules/cjs/loader:1262:25)
    at wrapModuleLoad (node:internal/modules/cjs/loader:255:19)
    at Module.require (node:internal/modules/cjs/loader:1576:12)
    at require (node:internal/modules/helpers:153:16)
    at Object.<anonymous> (C:\Users\User\Desktop\99\SUGARMIMO\sugarmimo-backend\src\main.ts:6:1)
    at Module._compile (node:internal/modules/cjs/loader:1830:14) {
  code: 'MODULE_NOT_FOUND',
  requireStack: [
    'C:\\Users\\User\\Desktop\\99\\SUGARMIMO\\sugarmimo-backend\\dist\\src\\main.js'
  ]
}

Node.js v24.15.0
node:internal/modules/cjs/loader:1479
  throw err;
  ^

Error: Cannot find module 'C:\Users\User\Desktop\99\SUGARMIMO\sugarmimo-backend\dist\main'
    at Module._resolveFilename (node:internal/modules/cjs/loader:1476:15)
    at wrapResolveFilename (node:internal/modules/cjs/loader:1049:27)
    at defaultResolveImplForCJSLoading (node:internal/modules/cjs/loader:1073:10)
    at resolveForCJSWithHooks (node:internal/modules/cjs/loader:1094:12)
    at Module._load (node:internal/modules/cjs/loader:1262:25)
    at wrapModuleLoad (node:internal/modules/cjs/loader:255:19)
    at Module.executeUserEntryPoint [as runMain] (node:internal/modules/run_main:154:5)
    at node:internal/main/run_main_module:33:47 {
  code: 'MODULE_NOT_FOUND',
  requireStack: []
}

Node.js v24.15.0
