node:internal/modules/cjs/loader:1479
  throw err;
  ^

Error: Cannot find module './dto/register.dto'
Require stack:
- C:\Users\User\Desktop\99\SUGARMIMO\sugarmimo-backend\dist\src\auth\auth.controller.js
- C:\Users\User\Desktop\99\SUGARMIMO\sugarmimo-backend\dist\src\auth\auth.module.js
- C:\Users\User\Desktop\99\SUGARMIMO\sugarmimo-backend\dist\src\admin\admin.module.js
- C:\Users\User\Desktop\99\SUGARMIMO\sugarmimo-backend\dist\src\app.module.js
- C:\Users\User\Desktop\99\SUGARMIMO\sugarmimo-backend\dist\src\main.js
    at Module._resolveFilename (node:internal/modules/cjs/loader:1476:15)
    at wrapResolveFilename (node:internal/modules/cjs/loader:1049:27)
    at defaultResolveImplForCJSLoading (node:internal/modules/cjs/loader:1073:10)
    at resolveForCJSWithHooks (node:internal/modules/cjs/loader:1094:12)
    at Module._load (node:internal/modules/cjs/loader:1262:25)
    at wrapModuleLoad (node:internal/modules/cjs/loader:255:19)
    at Module.require (node:internal/modules/cjs/loader:1576:12)
    at require (node:internal/modules/helpers:153:16)
    at Object.<anonymous> (C:\Users\User\Desktop\99\SUGARMIMO\sugarmimo-backend\src\auth\auth.controller.ts:21:1)
    at Module._compile (node:internal/modules/cjs/loader:1830:14) {
  code: 'MODULE_NOT_FOUND',
  requireStack: [
    'C:\\Users\\User\\Desktop\\99\\SUGARMIMO\\sugarmimo-backend\\dist\\src\\auth\\auth.controller.js',
    'C:\\Users\\User\\Desktop\\99\\SUGARMIMO\\sugarmimo-backend\\dist\\src\\auth\\auth.module.js',
    'C:\\Users\\User\\Desktop\\99\\SUGARMIMO\\sugarmimo-backend\\dist\\src\\admin\\admin.module.js',
    'C:\\Users\\User\\Desktop\\99\\SUGARMIMO\\sugarmimo-backend\\dist\\src\\app.module.js',
    'C:\\Users\\User\\Desktop\\99\\SUGARMIMO\\sugarmimo-backend\\dist\\src\\main.js'
  ]
}

Node.js v24.15.0
